{
  "C:\\Users\\moham\\OneDrive\\Bureau\\optiManage\\frontend_project\\src\\components\\Footer.tsx": {
    "path": "C:\\Users\\moham\\OneDrive\\Bureau\\optiManage\\frontend_project\\src\\components\\Footer.tsx",
    "statementMap": {
      "0": {
        "start": { "line": 4, "column": 6 },
        "end": { "line": 87, "column": null }
      },
      "1": {
        "start": { "line": 5, "column": 2 },
        "end": { "line": 85, "column": null }
      }
    },
    "fnMap": {
      "0": {
        "name": "(anonymous_0)",
        "decl": {
          "start": { "line": 4, "column": 6 },
          "end": { "line": 4, "column": 31 }
        },
        "loc": {
          "start": { "line": 4, "column": 31 },
          "end": { "line": 87, "column": null }
        },
        "line": 4
      }
    },
    "branchMap": {},
    "s": { "0": 1, "1": 3 },
    "f": { "0": 3 },
    "b": {},
    "meta": {
      "lastBranch": 0,
      "lastFunction": 1,
      "lastStatement": 2,
      "seen": {
        "s:4:6:87:Infinity": 0,
        "f:4:6:4:31": 0,
        "s:5:2:85:Infinity": 1
      }
    }
  },
  "C:\\Users\\moham\\OneDrive\\Bureau\\optiManage\\frontend_project\\src\\components\\HomePage.tsx": {
    "path": "C:\\Users\\moham\\OneDrive\\Bureau\\optiManage\\frontend_project\\src\\components\\HomePage.tsx",
    "statementMap": {
      "0": {
        "start": { "line": 4, "column": 6 },
        "end": { "line": 134, "column": null }
      },
      "1": {
        "start": { "line": 5, "column": 2 },
        "end": { "line": 132, "column": null }
      }
    },
    "fnMap": {
      "0": {
        "name": "(anonymous_0)",
        "decl": {
          "start": { "line": 4, "column": 6 },
          "end": { "line": 4, "column": 33 }
        },
        "loc": {
          "start": { "line": 4, "column": 33 },
          "end": { "line": 134, "column": null }
        },
        "line": 4
      }
    },
    "branchMap": {},
    "s": { "0": 2, "1": 9 },
    "f": { "0": 9 },
    "b": {},
    "meta": {
      "lastBranch": 0,
      "lastFunction": 1,
      "lastStatement": 2,
      "seen": {
        "s:4:6:134:Infinity": 0,
        "f:4:6:4:33": 0,
        "s:5:2:132:Infinity": 1
      }
    }
  },
  "C:\\Users\\moham\\OneDrive\\Bureau\\optiManage\\frontend_project\\src\\components\\Navbar.tsx": {
    "path": "C:\\Users\\moham\\OneDrive\\Bureau\\optiManage\\frontend_project\\src\\components\\Navbar.tsx",
    "statementMap": {
      "0": {
        "start": { "line": 10, "column": 6 },
        "end": { "line": 274, "column": null }
      },
      "1": {
        "start": { "line": 11, "column": 8 },
        "end": { "line": 11, "column": null }
      },
      "2": {
        "start": { "line": 12, "column": 8 },
        "end": { "line": 12, "column": null }
      },
      "3": {
        "start": { "line": 13, "column": 27 },
        "end": { "line": 13, "column": null }
      },
      "4": {
        "start": { "line": 13, "column": 62 },
        "end": { "line": 13, "column": 73 }
      },
      "5": {
        "start": { "line": 14, "column": 27 },
        "end": { "line": 14, "column": null }
      },
      "6": {
        "start": { "line": 15, "column": 23 },
        "end": { "line": 15, "column": null }
      },
      "7": {
        "start": { "line": 18, "column": 20 },
        "end": { "line": 18, "column": null }
      },
      "8": {
        "start": { "line": 19, "column": 22 },
        "end": { "line": 19, "column": null }
      },
      "9": {
        "start": { "line": 21, "column": 23 },
        "end": { "line": 26, "column": null }
      },
      "10": {
        "start": { "line": 22, "column": 4 },
        "end": { "line": 22, "column": null }
      },
      "11": {
        "start": { "line": 23, "column": 4 },
        "end": { "line": 23, "column": null }
      },
      "12": {
        "start": { "line": 24, "column": 4 },
        "end": { "line": 24, "column": null }
      },
      "13": {
        "start": { "line": 25, "column": 4 },
        "end": { "line": 25, "column": null }
      },
      "14": {
        "start": { "line": 28, "column": 8 },
        "end": { "line": 33, "column": null }
      },
      "15": {
        "start": { "line": 29, "column": 4 },
        "end": { "line": 31, "column": null }
      },
      "16": {
        "start": { "line": 30, "column": 6 },
        "end": { "line": 30, "column": null }
      },
      "17": {
        "start": { "line": 32, "column": 4 },
        "end": { "line": 32, "column": null }
      },
      "18": {
        "start": { "line": 36, "column": 2 },
        "end": { "line": 42, "column": null }
      },
      "19": {
        "start": { "line": 37, "column": 10 },
        "end": { "line": 39, "column": null }
      },
      "20": {
        "start": { "line": 38, "column": 6 },
        "end": { "line": 38, "column": null }
      },
      "21": {
        "start": { "line": 40, "column": 4 },
        "end": { "line": 40, "column": null }
      },
      "22": {
        "start": { "line": 41, "column": 4 },
        "end": { "line": 41, "column": null }
      },
      "23": {
        "start": { "line": 41, "column": 17 },
        "end": { "line": 41, "column": null }
      },
      "24": {
        "start": { "line": 44, "column": 2 },
        "end": { "line": 272, "column": null }
      },
      "25": {
        "start": { "line": 81, "column": 20 },
        "end": { "line": 84, "column": null }
      },
      "26": {
        "start": { "line": 93, "column": 20 },
        "end": { "line": 94, "column": null }
      },
      "27": {
        "start": { "line": 106, "column": 20 },
        "end": { "line": 106, "column": null }
      },
      "28": {
        "start": { "line": 107, "column": 20 },
        "end": { "line": 107, "column": null }
      },
      "29": {
        "start": { "line": 135, "column": 37 },
        "end": { "line": 135, "column": null }
      },
      "30": {
        "start": { "line": 166, "column": 29 },
        "end": { "line": 166, "column": null }
      },
      "31": {
        "start": { "line": 205, "column": 22 },
        "end": { "line": 208, "column": null }
      },
      "32": {
        "start": { "line": 211, "column": 35 },
        "end": { "line": 211, "column": null }
      },
      "33": {
        "start": { "line": 218, "column": 22 },
        "end": { "line": 221, "column": null }
      },
      "34": {
        "start": { "line": 224, "column": 35 },
        "end": { "line": 224, "column": null }
      },
      "35": {
        "start": { "line": 244, "column": 35 },
        "end": { "line": 244, "column": null }
      },
      "36": {
        "start": { "line": 251, "column": 22 },
        "end": { "line": 251, "column": null }
      },
      "37": {
        "start": { "line": 252, "column": 22 },
        "end": { "line": 252, "column": null }
      }
    },
    "fnMap": {
      "0": {
        "name": "(anonymous_0)",
        "decl": {
          "start": { "line": 10, "column": 6 },
          "end": { "line": 10, "column": 39 }
        },
        "loc": {
          "start": { "line": 10, "column": 63 },
          "end": { "line": 274, "column": null }
        },
        "line": 10
      },
      "1": {
        "name": "(anonymous_1)",
        "decl": {
          "start": { "line": 13, "column": 36 },
          "end": { "line": 13, "column": 52 }
        },
        "loc": {
          "start": { "line": 13, "column": 62 },
          "end": { "line": 13, "column": 73 }
        },
        "line": 13
      },
      "2": {
        "name": "(anonymous_2)",
        "decl": {
          "start": { "line": 21, "column": 23 },
          "end": { "line": 21, "column": 35 }
        },
        "loc": {
          "start": { "line": 21, "column": 35 },
          "end": { "line": 26, "column": null }
        },
        "line": 21
      },
      "3": {
        "name": "(anonymous_3)",
        "decl": {
          "start": { "line": 28, "column": 8 },
          "end": { "line": 28, "column": 36 }
        },
        "loc": {
          "start": { "line": 28, "column": 36 },
          "end": { "line": 33, "column": null }
        },
        "line": 28
      },
      "4": {
        "name": "(anonymous_4)",
        "decl": {
          "start": { "line": 36, "column": 2 },
          "end": { "line": 36, "column": 18 }
        },
        "loc": {
          "start": { "line": 36, "column": 18 },
          "end": { "line": 42, "column": 5 }
        },
        "line": 36
      },
      "5": {
        "name": "(anonymous_5)",
        "decl": {
          "start": { "line": 37, "column": 10 },
          "end": { "line": 37, "column": 37 }
        },
        "loc": {
          "start": { "line": 37, "column": 37 },
          "end": { "line": 39, "column": null }
        },
        "line": 37
      },
      "6": {
        "name": "(anonymous_6)",
        "decl": {
          "start": { "line": 41, "column": 4 },
          "end": { "line": 41, "column": 17 }
        },
        "loc": {
          "start": { "line": 41, "column": 17 },
          "end": { "line": 41, "column": null }
        },
        "line": 41
      },
      "7": {
        "name": "(anonymous_7)",
        "decl": {
          "start": { "line": 80, "column": 18 },
          "end": { "line": 80, "column": 30 }
        },
        "loc": {
          "start": { "line": 81, "column": 20 },
          "end": { "line": 84, "column": null }
        },
        "line": 81
      },
      "8": {
        "name": "(anonymous_8)",
        "decl": {
          "start": { "line": 92, "column": 18 },
          "end": { "line": 92, "column": 30 }
        },
        "loc": {
          "start": { "line": 93, "column": 20 },
          "end": { "line": 94, "column": null }
        },
        "line": 93
      },
      "9": {
        "name": "(anonymous_9)",
        "decl": {
          "start": { "line": 105, "column": 18 },
          "end": { "line": 105, "column": 28 }
        },
        "loc": {
          "start": { "line": 105, "column": 34 },
          "end": { "line": 108, "column": null }
        },
        "line": 105
      },
      "10": {
        "name": "(anonymous_10)",
        "decl": {
          "start": { "line": 135, "column": 22 },
          "end": { "line": 135, "column": 37 }
        },
        "loc": {
          "start": { "line": 135, "column": 37 },
          "end": { "line": 135, "column": null }
        },
        "line": 135
      },
      "11": {
        "name": "(anonymous_11)",
        "decl": {
          "start": { "line": 166, "column": 14 },
          "end": { "line": 166, "column": 29 }
        },
        "loc": {
          "start": { "line": 166, "column": 29 },
          "end": { "line": 166, "column": null }
        },
        "line": 166
      },
      "12": {
        "name": "(anonymous_12)",
        "decl": {
          "start": { "line": 204, "column": 20 },
          "end": { "line": 204, "column": 32 }
        },
        "loc": {
          "start": { "line": 205, "column": 22 },
          "end": { "line": 208, "column": null }
        },
        "line": 205
      },
      "13": {
        "name": "(anonymous_13)",
        "decl": {
          "start": { "line": 211, "column": 20 },
          "end": { "line": 211, "column": 35 }
        },
        "loc": {
          "start": { "line": 211, "column": 35 },
          "end": { "line": 211, "column": null }
        },
        "line": 211
      },
      "14": {
        "name": "(anonymous_14)",
        "decl": {
          "start": { "line": 217, "column": 20 },
          "end": { "line": 217, "column": 32 }
        },
        "loc": {
          "start": { "line": 218, "column": 22 },
          "end": { "line": 221, "column": null }
        },
        "line": 218
      },
      "15": {
        "name": "(anonymous_15)",
        "decl": {
          "start": { "line": 224, "column": 20 },
          "end": { "line": 224, "column": 35 }
        },
        "loc": {
          "start": { "line": 224, "column": 35 },
          "end": { "line": 224, "column": null }
        },
        "line": 224
      },
      "16": {
        "name": "(anonymous_16)",
        "decl": {
          "start": { "line": 244, "column": 20 },
          "end": { "line": 244, "column": 35 }
        },
        "loc": {
          "start": { "line": 244, "column": 35 },
          "end": { "line": 244, "column": null }
        },
        "line": 244
      },
      "17": {
        "name": "(anonymous_17)",
        "decl": {
          "start": { "line": 250, "column": 20 },
          "end": { "line": 250, "column": 35 }
        },
        "loc": {
          "start": { "line": 250, "column": 35 },
          "end": { "line": 253, "column": null }
        },
        "line": 250
      }
    },
    "branchMap": {
      "0": {
        "loc": {
          "start": { "line": 18, "column": 20 },
          "end": { "line": 18, "column": null }
        },
        "type": "binary-expr",
        "locations": [
          {
            "start": { "line": 18, "column": 20 },
            "end": { "line": 18, "column": 35 }
          },
          {
            "start": { "line": 18, "column": 35 },
            "end": { "line": 18, "column": 72 }
          },
          {
            "start": { "line": 18, "column": 72 },
            "end": { "line": 18, "column": null }
          }
        ],
        "line": 18
      },
      "1": {
        "loc": {
          "start": { "line": 29, "column": 4 },
          "end": { "line": 31, "column": null }
        },
        "type": "if",
        "locations": [
          {
            "start": { "line": 29, "column": 4 },
            "end": { "line": 31, "column": null }
          },
          { "start": {}, "end": {} }
        ],
        "line": 29
      },
      "2": {
        "loc": {
          "start": { "line": 75, "column": 13 },
          "end": { "line": 159, "column": null }
        },
        "type": "cond-expr",
        "locations": [
          {
            "start": { "line": 77, "column": 14 },
            "end": { "line": 103, "column": 15 }
          },
          {
            "start": { "line": 103, "column": 14 },
            "end": { "line": 159, "column": null }
          }
        ],
        "line": 75
      },
      "3": {
        "loc": {
          "start": { "line": 82, "column": 22 },
          "end": { "line": 84, "column": null }
        },
        "type": "cond-expr",
        "locations": [
          {
            "start": { "line": 83, "column": 26 },
            "end": { "line": 83, "column": null }
          },
          {
            "start": { "line": 84, "column": 26 },
            "end": { "line": 84, "column": null }
          }
        ],
        "line": 82
      },
      "4": {
        "loc": {
          "start": { "line": 94, "column": 22 },
          "end": { "line": 94, "column": null }
        },
        "type": "cond-expr",
        "locations": [
          {
            "start": { "line": 94, "column": 33 },
            "end": { "line": 94, "column": 49 }
          },
          {
            "start": { "line": 94, "column": 49 },
            "end": { "line": 94, "column": null }
          }
        ],
        "line": 94
      },
      "5": {
        "loc": {
          "start": { "line": 116, "column": 90 },
          "end": { "line": 116, "column": null }
        },
        "type": "cond-expr",
        "locations": [
          {
            "start": { "line": 116, "column": 105 },
            "end": { "line": 116, "column": 120 }
          },
          {
            "start": { "line": 116, "column": 120 },
            "end": { "line": 116, "column": null }
          }
        ],
        "line": 116
      },
      "6": {
        "loc": {
          "start": { "line": 126, "column": 17 },
          "end": { "line": 159, "column": null }
        },
        "type": "binary-expr",
        "locations": [
          {
            "start": { "line": 126, "column": 17 },
            "end": { "line": 126, "column": null }
          },
          {
            "start": { "line": 127, "column": 18 },
            "end": { "line": 159, "column": null }
          }
        ],
        "line": 126
      },
      "7": {
        "loc": {
          "start": { "line": 175, "column": 17 },
          "end": { "line": 188, "column": null }
        },
        "type": "cond-expr",
        "locations": [
          {
            "start": { "line": 176, "column": 18 },
            "end": { "line": 183, "column": 19 }
          },
          {
            "start": { "line": 183, "column": 18 },
            "end": { "line": 188, "column": null }
          }
        ],
        "line": 175
      },
      "8": {
        "loc": {
          "start": { "line": 196, "column": 9 },
          "end": { "line": 271, "column": null }
        },
        "type": "binary-expr",
        "locations": [
          {
            "start": { "line": 196, "column": 9 },
            "end": { "line": 196, "column": null }
          },
          {
            "start": { "line": 197, "column": 10 },
            "end": { "line": 271, "column": null }
          }
        ],
        "line": 196
      },
      "9": {
        "loc": {
          "start": { "line": 199, "column": 15 },
          "end": { "line": 266, "column": null }
        },
        "type": "cond-expr",
        "locations": [
          {
            "start": { "line": 201, "column": 16 },
            "end": { "line": 231, "column": null }
          },
          {
            "start": { "line": 231, "column": 16 },
            "end": { "line": 266, "column": null }
          }
        ],
        "line": 199
      },
      "10": {
        "loc": {
          "start": { "line": 206, "column": 24 },
          "end": { "line": 208, "column": null }
        },
        "type": "cond-expr",
        "locations": [
          {
            "start": { "line": 207, "column": 28 },
            "end": { "line": 207, "column": null }
          },
          {
            "start": { "line": 208, "column": 28 },
            "end": { "line": 208, "column": null }
          }
        ],
        "line": 206
      },
      "11": {
        "loc": {
          "start": { "line": 219, "column": 24 },
          "end": { "line": 221, "column": null }
        },
        "type": "cond-expr",
        "locations": [
          {
            "start": { "line": 220, "column": 28 },
            "end": { "line": 220, "column": null }
          },
          {
            "start": { "line": 221, "column": 28 },
            "end": { "line": 221, "column": null }
          }
        ],
        "line": 219
      }
    },
    "s": {
      "0": 4,
      "1": 12,
      "2": 12,
      "3": 12,
      "4": 24,
      "5": 12,
      "6": 12,
      "7": 12,
      "8": 12,
      "9": 12,
      "10": 0,
      "11": 0,
      "12": 0,
      "13": 0,
      "14": 12,
      "15": 0,
      "16": 0,
      "17": 0,
      "18": 12,
      "19": 12,
      "20": 0,
      "21": 12,
      "22": 12,
      "23": 12,
      "24": 12,
      "25": 9,
      "26": 9,
      "27": 0,
      "28": 0,
      "29": 0,
      "30": 0,
      "31": 0,
      "32": 0,
      "33": 0,
      "34": 0,
      "35": 0,
      "36": 0,
      "37": 0
    },
    "f": {
      "0": 12,
      "1": 24,
      "2": 0,
      "3": 0,
      "4": 12,
      "5": 0,
      "6": 12,
      "7": 9,
      "8": 9,
      "9": 0,
      "10": 0,
      "11": 0,
      "12": 0,
      "13": 0,
      "14": 0,
      "15": 0,
      "16": 0,
      "17": 0
    },
    "b": {
      "0": [12, 10, 10],
      "1": [0, 0],
      "2": [9, 3],
      "3": [0, 9],
      "4": [0, 9],
      "5": [0, 3],
      "6": [3, 0],
      "7": [0, 12],
      "8": [12, 0],
      "9": [0, 0],
      "10": [0, 0],
      "11": [0, 0]
    },
    "meta": {
      "lastBranch": 12,
      "lastFunction": 18,
      "lastStatement": 38,
      "seen": {
        "s:10:6:274:Infinity": 0,
        "f:10:6:10:39": 0,
        "s:11:8:11:Infinity": 1,
        "s:12:8:12:Infinity": 2,
        "s:13:27:13:Infinity": 3,
        "f:13:36:13:52": 1,
        "s:13:62:13:73": 4,
        "s:14:27:14:Infinity": 5,
        "s:15:23:15:Infinity": 6,
        "s:18:20:18:Infinity": 7,
        "b:18:20:18:35:18:35:18:72:18:72:18:Infinity": 0,
        "s:19:22:19:Infinity": 8,
        "s:21:23:26:Infinity": 9,
        "f:21:23:21:35": 2,
        "s:22:4:22:Infinity": 10,
        "s:23:4:23:Infinity": 11,
        "s:24:4:24:Infinity": 12,
        "s:25:4:25:Infinity": 13,
        "s:28:8:33:Infinity": 14,
        "f:28:8:28:36": 3,
        "b:29:4:31:Infinity:undefined:undefined:undefined:undefined": 1,
        "s:29:4:31:Infinity": 15,
        "s:30:6:30:Infinity": 16,
        "s:32:4:32:Infinity": 17,
        "s:36:2:42:Infinity": 18,
        "f:36:2:36:18": 4,
        "s:37:10:39:Infinity": 19,
        "f:37:10:37:37": 5,
        "s:38:6:38:Infinity": 20,
        "s:40:4:40:Infinity": 21,
        "s:41:4:41:Infinity": 22,
        "f:41:4:41:17": 6,
        "s:41:17:41:Infinity": 23,
        "s:44:2:272:Infinity": 24,
        "b:77:14:103:15:103:14:159:Infinity": 2,
        "f:80:18:80:30": 7,
        "s:81:20:84:Infinity": 25,
        "b:83:26:83:Infinity:84:26:84:Infinity": 3,
        "f:92:18:92:30": 8,
        "s:93:20:94:Infinity": 26,
        "b:94:33:94:49:94:49:94:Infinity": 4,
        "f:105:18:105:28": 9,
        "s:106:20:106:Infinity": 27,
        "s:107:20:107:Infinity": 28,
        "b:116:105:116:120:116:120:116:Infinity": 5,
        "b:126:17:126:Infinity:127:18:159:Infinity": 6,
        "f:135:22:135:37": 10,
        "s:135:37:135:Infinity": 29,
        "f:166:14:166:29": 11,
        "s:166:29:166:Infinity": 30,
        "b:176:18:183:19:183:18:188:Infinity": 7,
        "b:196:9:196:Infinity:197:10:271:Infinity": 8,
        "b:201:16:231:Infinity:231:16:266:Infinity": 9,
        "f:204:20:204:32": 12,
        "s:205:22:208:Infinity": 31,
        "b:207:28:207:Infinity:208:28:208:Infinity": 10,
        "f:211:20:211:35": 13,
        "s:211:35:211:Infinity": 32,
        "f:217:20:217:32": 14,
        "s:218:22:221:Infinity": 33,
        "b:220:28:220:Infinity:221:28:221:Infinity": 11,
        "f:224:20:224:35": 15,
        "s:224:35:224:Infinity": 34,
        "f:244:20:244:35": 16,
        "s:244:35:244:Infinity": 35,
        "f:250:20:250:35": 17,
        "s:251:22:251:Infinity": 36,
        "s:252:22:252:Infinity": 37
      }
    }
  },
  "C:\\Users\\moham\\OneDrive\\Bureau\\optiManage\\frontend_project\\src\\config\\axios.ts": {
    "path": "C:\\Users\\moham\\OneDrive\\Bureau\\optiManage\\frontend_project\\src\\config\\axios.ts",
    "statementMap": {
      "0": {
        "start": { "line": 3, "column": 24 },
        "end": { "line": 9, "column": null }
      },
      "1": {
        "start": { "line": 12, "column": 0 },
        "end": { "line": 23, "column": null }
      },
      "2": {
        "start": { "line": 14, "column": 22 },
        "end": { "line": 14, "column": null }
      },
      "3": {
        "start": { "line": 15, "column": 8 },
        "end": { "line": 17, "column": null }
      },
      "4": {
        "start": { "line": 16, "column": 12 },
        "end": { "line": 16, "column": null }
      },
      "5": {
        "start": { "line": 18, "column": 8 },
        "end": { "line": 18, "column": null }
      },
      "6": {
        "start": { "line": 21, "column": 8 },
        "end": { "line": 21, "column": null }
      },
      "7": {
        "start": { "line": 26, "column": 0 },
        "end": { "line": 37, "column": null }
      },
      "8": {
        "start": { "line": 27, "column": 18 },
        "end": { "line": 27, "column": null }
      },
      "9": {
        "start": { "line": 29, "column": 8 },
        "end": { "line": 34, "column": null }
      },
      "10": {
        "start": { "line": 31, "column": 12 },
        "end": { "line": 31, "column": null }
      },
      "11": {
        "start": { "line": 32, "column": 12 },
        "end": { "line": 32, "column": null }
      },
      "12": {
        "start": { "line": 33, "column": 12 },
        "end": { "line": 33, "column": null }
      },
      "13": {
        "start": { "line": 35, "column": 8 },
        "end": { "line": 35, "column": null }
      }
    },
    "fnMap": {
      "0": {
        "name": "(anonymous_0)",
        "decl": {
          "start": { "line": 12, "column": 30 },
          "end": { "line": 12, "column": null }
        },
        "loc": {
          "start": { "line": 13, "column": 16 },
          "end": { "line": 19, "column": null }
        },
        "line": 13
      },
      "1": {
        "name": "(anonymous_1)",
        "decl": {
          "start": { "line": 19, "column": 4 },
          "end": { "line": 19, "column": null }
        },
        "loc": {
          "start": { "line": 20, "column": 15 },
          "end": { "line": 22, "column": null }
        },
        "line": 20
      },
      "2": {
        "name": "(anonymous_2)",
        "decl": {
          "start": { "line": 26, "column": 31 },
          "end": { "line": 26, "column": null }
        },
        "loc": {
          "start": { "line": 27, "column": 18 },
          "end": { "line": 27, "column": null }
        },
        "line": 27
      },
      "3": {
        "name": "(anonymous_3)",
        "decl": {
          "start": { "line": 27, "column": 18 },
          "end": { "line": 27, "column": null }
        },
        "loc": {
          "start": { "line": 28, "column": 15 },
          "end": { "line": 36, "column": null }
        },
        "line": 28
      }
    },
    "branchMap": {
      "0": {
        "loc": {
          "start": { "line": 15, "column": 8 },
          "end": { "line": 17, "column": null }
        },
        "type": "if",
        "locations": [
          {
            "start": { "line": 15, "column": 8 },
            "end": { "line": 17, "column": null }
          },
          { "start": {}, "end": {} }
        ],
        "line": 15
      },
      "1": {
        "loc": {
          "start": { "line": 29, "column": 8 },
          "end": { "line": 34, "column": null }
        },
        "type": "if",
        "locations": [
          {
            "start": { "line": 29, "column": 8 },
            "end": { "line": 34, "column": null }
          },
          { "start": {}, "end": {} }
        ],
        "line": 29
      }
    },
    "s": {
      "0": 4,
      "1": 4,
      "2": 0,
      "3": 0,
      "4": 0,
      "5": 0,
      "6": 0,
      "7": 4,
      "8": 0,
      "9": 0,
      "10": 0,
      "11": 0,
      "12": 0,
      "13": 0
    },
    "f": { "0": 0, "1": 0, "2": 0, "3": 0 },
    "b": { "0": [0, 0], "1": [0, 0] },
    "meta": {
      "lastBranch": 2,
      "lastFunction": 4,
      "lastStatement": 14,
      "seen": {
        "s:3:24:9:Infinity": 0,
        "s:12:0:23:Infinity": 1,
        "f:12:30:12:Infinity": 0,
        "s:14:22:14:Infinity": 2,
        "b:15:8:17:Infinity:undefined:undefined:undefined:undefined": 0,
        "s:15:8:17:Infinity": 3,
        "s:16:12:16:Infinity": 4,
        "s:18:8:18:Infinity": 5,
        "f:19:4:19:Infinity": 1,
        "s:21:8:21:Infinity": 6,
        "s:26:0:37:Infinity": 7,
        "f:26:31:26:Infinity": 2,
        "s:27:18:27:Infinity": 8,
        "f:27:18:27:Infinity": 3,
        "b:29:8:34:Infinity:undefined:undefined:undefined:undefined": 1,
        "s:29:8:34:Infinity": 9,
        "s:31:12:31:Infinity": 10,
        "s:32:12:32:Infinity": 11,
        "s:33:12:33:Infinity": 12,
        "s:35:8:35:Infinity": 13
      }
    }
  },
  "C:\\Users\\moham\\OneDrive\\Bureau\\optiManage\\frontend_project\\src\\pages\\AddCustomer.tsx": {
    "path": "C:\\Users\\moham\\OneDrive\\Bureau\\optiManage\\frontend_project\\src\\pages\\AddCustomer.tsx",
    "statementMap": {
      "0": {
        "start": { "line": 5, "column": 6 },
        "end": { "line": 282, "column": null }
      },
      "1": {
        "start": { "line": 6, "column": 8 },
        "end": { "line": 6, "column": null }
      },
      "2": {
        "start": { "line": 8, "column": 20 },
        "end": { "line": 8, "column": null }
      },
      "3": {
        "start": { "line": 9, "column": 19 },
        "end": { "line": 9, "column": null }
      },
      "4": {
        "start": { "line": 10, "column": 16 },
        "end": { "line": 10, "column": null }
      },
      "5": {
        "start": { "line": 11, "column": 22 },
        "end": { "line": 11, "column": null }
      },
      "6": {
        "start": { "line": 12, "column": 18 },
        "end": { "line": 12, "column": null }
      },
      "7": {
        "start": { "line": 13, "column": 23 },
        "end": { "line": 13, "column": null }
      },
      "8": {
        "start": { "line": 15, "column": 20 },
        "end": { "line": 15, "column": null }
      },
      "9": {
        "start": { "line": 16, "column": 23 },
        "end": { "line": 16, "column": null }
      },
      "10": {
        "start": { "line": 17, "column": 25 },
        "end": { "line": 17, "column": null }
      },
      "11": {
        "start": { "line": 19, "column": 23 },
        "end": { "line": 63, "column": null }
      },
      "12": {
        "start": { "line": 20, "column": 4 },
        "end": { "line": 20, "column": null }
      },
      "13": {
        "start": { "line": 21, "column": 4 },
        "end": { "line": 21, "column": null }
      },
      "14": {
        "start": { "line": 22, "column": 4 },
        "end": { "line": 22, "column": null }
      },
      "15": {
        "start": { "line": 23, "column": 4 },
        "end": { "line": 23, "column": null }
      },
      "16": {
        "start": { "line": 25, "column": 4 },
        "end": { "line": 62, "column": null }
      },
      "17": {
        "start": { "line": 26, "column": 27 },
        "end": { "line": 33, "column": null }
      },
      "18": {
        "start": { "line": 35, "column": 6 },
        "end": { "line": 35, "column": null }
      },
      "19": {
        "start": { "line": 36, "column": 23 },
        "end": { "line": 36, "column": null }
      },
      "20": {
        "start": { "line": 38, "column": 6 },
        "end": { "line": 38, "column": null }
      },
      "21": {
        "start": { "line": 39, "column": 6 },
        "end": { "line": 39, "column": null }
      },
      "22": {
        "start": { "line": 41, "column": 6 },
        "end": { "line": 43, "column": null }
      },
      "23": {
        "start": { "line": 42, "column": 8 },
        "end": { "line": 42, "column": null }
      },
      "24": {
        "start": { "line": 46, "column": 6 },
        "end": { "line": 46, "column": null }
      },
      "25": {
        "start": { "line": 48, "column": 6 },
        "end": { "line": 59, "column": null }
      },
      "26": {
        "start": { "line": 49, "column": 25 },
        "end": { "line": 49, "column": null }
      },
      "27": {
        "start": { "line": 50, "column": 8 },
        "end": { "line": 54, "column": null }
      },
      "28": {
        "start": { "line": 51, "column": 10 },
        "end": { "line": 51, "column": null }
      },
      "29": {
        "start": { "line": 53, "column": 10 },
        "end": { "line": 53, "column": null }
      },
      "30": {
        "start": { "line": 55, "column": 13 },
        "end": { "line": 59, "column": null }
      },
      "31": {
        "start": { "line": 56, "column": 8 },
        "end": { "line": 56, "column": null }
      },
      "32": {
        "start": { "line": 58, "column": 8 },
        "end": { "line": 58, "column": null }
      },
      "33": {
        "start": { "line": 61, "column": 6 },
        "end": { "line": 61, "column": null }
      },
      "34": {
        "start": { "line": 65, "column": 2 },
        "end": { "line": 280, "column": null }
      },
      "35": {
        "start": { "line": 72, "column": 27 },
        "end": { "line": 72, "column": null }
      },
      "36": {
        "start": { "line": 121, "column": 18 },
        "end": { "line": 121, "column": null }
      },
      "37": {
        "start": { "line": 142, "column": 37 },
        "end": { "line": 142, "column": null }
      },
      "38": {
        "start": { "line": 159, "column": 37 },
        "end": { "line": 159, "column": null }
      },
      "39": {
        "start": { "line": 179, "column": 35 },
        "end": { "line": 179, "column": null }
      },
      "40": {
        "start": { "line": 198, "column": 35 },
        "end": { "line": 198, "column": null }
      },
      "41": {
        "start": { "line": 217, "column": 35 },
        "end": { "line": 217, "column": null }
      },
      "42": {
        "start": { "line": 234, "column": 35 },
        "end": { "line": 234, "column": null }
      },
      "43": {
        "start": { "line": 252, "column": 31 },
        "end": { "line": 252, "column": null }
      }
    },
    "fnMap": {
      "0": {
        "name": "(anonymous_0)",
        "decl": {
          "start": { "line": 5, "column": 6 },
          "end": { "line": 5, "column": 26 }
        },
        "loc": {
          "start": { "line": 5, "column": 26 },
          "end": { "line": 282, "column": null }
        },
        "line": 5
      },
      "1": {
        "name": "(anonymous_1)",
        "decl": {
          "start": { "line": 19, "column": 23 },
          "end": { "line": 19, "column": 30 }
        },
        "loc": {
          "start": { "line": 19, "column": 53 },
          "end": { "line": 63, "column": null }
        },
        "line": 19
      },
      "2": {
        "name": "(anonymous_2)",
        "decl": {
          "start": { "line": 41, "column": 6 },
          "end": { "line": 41, "column": 23 }
        },
        "loc": {
          "start": { "line": 41, "column": 23 },
          "end": { "line": 43, "column": 9 }
        },
        "line": 41
      },
      "3": {
        "name": "(anonymous_3)",
        "decl": {
          "start": { "line": 72, "column": 12 },
          "end": { "line": 72, "column": 27 }
        },
        "loc": {
          "start": { "line": 72, "column": 27 },
          "end": { "line": 72, "column": null }
        },
        "line": 72
      },
      "4": {
        "name": "(anonymous_4)",
        "decl": {
          "start": { "line": 120, "column": 30 },
          "end": { "line": 120, "column": 35 }
        },
        "loc": {
          "start": { "line": 121, "column": 18 },
          "end": { "line": 121, "column": null }
        },
        "line": 121
      },
      "5": {
        "name": "(anonymous_5)",
        "decl": {
          "start": { "line": 142, "column": 20 },
          "end": { "line": 142, "column": 31 }
        },
        "loc": {
          "start": { "line": 142, "column": 37 },
          "end": { "line": 142, "column": null }
        },
        "line": 142
      },
      "6": {
        "name": "(anonymous_6)",
        "decl": {
          "start": { "line": 159, "column": 20 },
          "end": { "line": 159, "column": 31 }
        },
        "loc": {
          "start": { "line": 159, "column": 37 },
          "end": { "line": 159, "column": null }
        },
        "line": 159
      },
      "7": {
        "name": "(anonymous_7)",
        "decl": {
          "start": { "line": 179, "column": 18 },
          "end": { "line": 179, "column": 29 }
        },
        "loc": {
          "start": { "line": 179, "column": 35 },
          "end": { "line": 179, "column": null }
        },
        "line": 179
      },
      "8": {
        "name": "(anonymous_8)",
        "decl": {
          "start": { "line": 198, "column": 18 },
          "end": { "line": 198, "column": 29 }
        },
        "loc": {
          "start": { "line": 198, "column": 35 },
          "end": { "line": 198, "column": null }
        },
        "line": 198
      },
      "9": {
        "name": "(anonymous_9)",
        "decl": {
          "start": { "line": 217, "column": 18 },
          "end": { "line": 217, "column": 29 }
        },
        "loc": {
          "start": { "line": 217, "column": 35 },
          "end": { "line": 217, "column": null }
        },
        "line": 217
      },
      "10": {
        "name": "(anonymous_10)",
        "decl": {
          "start": { "line": 234, "column": 18 },
          "end": { "line": 234, "column": 29 }
        },
        "loc": {
          "start": { "line": 234, "column": 35 },
          "end": { "line": 234, "column": null }
        },
        "line": 234
      },
      "11": {
        "name": "(anonymous_11)",
        "decl": {
          "start": { "line": 252, "column": 16 },
          "end": { "line": 252, "column": 31 }
        },
        "loc": {
          "start": { "line": 252, "column": 31 },
          "end": { "line": 252, "column": null }
        },
        "line": 252
      }
    },
    "branchMap": {
      "0": {
        "loc": {
          "start": { "line": 48, "column": 6 },
          "end": { "line": 59, "column": null }
        },
        "type": "if",
        "locations": [
          {
            "start": { "line": 48, "column": 6 },
            "end": { "line": 59, "column": null }
          },
          {
            "start": { "line": 55, "column": 13 },
            "end": { "line": 59, "column": null }
          }
        ],
        "line": 48
      },
      "1": {
        "loc": {
          "start": { "line": 50, "column": 8 },
          "end": { "line": 54, "column": null }
        },
        "type": "if",
        "locations": [
          {
            "start": { "line": 50, "column": 8 },
            "end": { "line": 54, "column": null }
          },
          {
            "start": { "line": 52, "column": 15 },
            "end": { "line": 54, "column": null }
          }
        ],
        "line": 50
      },
      "2": {
        "loc": {
          "start": { "line": 55, "column": 13 },
          "end": { "line": 59, "column": null }
        },
        "type": "if",
        "locations": [
          {
            "start": { "line": 55, "column": 13 },
            "end": { "line": 59, "column": null }
          },
          {
            "start": { "line": 57, "column": 13 },
            "end": { "line": 59, "column": null }
          }
        ],
        "line": 55
      },
      "3": {
        "loc": {
          "start": { "line": 97, "column": 11 },
          "end": { "line": 109, "column": null }
        },
        "type": "binary-expr",
        "locations": [
          {
            "start": { "line": 97, "column": 11 },
            "end": { "line": 97, "column": null }
          },
          {
            "start": { "line": 98, "column": 12 },
            "end": { "line": 109, "column": null }
          }
        ],
        "line": 97
      },
      "4": {
        "loc": {
          "start": { "line": 113, "column": 11 },
          "end": { "line": 124, "column": null }
        },
        "type": "binary-expr",
        "locations": [
          {
            "start": { "line": 113, "column": 11 },
            "end": { "line": 113, "column": null }
          },
          {
            "start": { "line": 114, "column": 12 },
            "end": { "line": 124, "column": null }
          }
        ],
        "line": 113
      },
      "5": {
        "loc": {
          "start": { "line": 264, "column": 17 },
          "end": { "line": 273, "column": null }
        },
        "type": "cond-expr",
        "locations": [
          {
            "start": { "line": 265, "column": 18 },
            "end": { "line": 270, "column": null }
          },
          {
            "start": { "line": 270, "column": 18 },
            "end": { "line": 273, "column": null }
          }
        ],
        "line": 264
      }
    },
    "s": {
      "0": 1,
      "1": 51,
      "2": 51,
      "3": 51,
      "4": 51,
      "5": 51,
      "6": 51,
      "7": 51,
      "8": 51,
      "9": 51,
      "10": 51,
      "11": 51,
      "12": 1,
      "13": 1,
      "14": 1,
      "15": 1,
      "16": 1,
      "17": 1,
      "18": 1,
      "19": 1,
      "20": 1,
      "21": 1,
      "22": 1,
      "23": 0,
      "24": 0,
      "25": 0,
      "26": 0,
      "27": 0,
      "28": 0,
      "29": 0,
      "30": 0,
      "31": 0,
      "32": 0,
      "33": 1,
      "34": 51,
      "35": 0,
      "36": 0,
      "37": 4,
      "38": 3,
      "39": 16,
      "40": 12,
      "41": 11,
      "42": 1,
      "43": 0
    },
    "f": {
      "0": 51,
      "1": 1,
      "2": 0,
      "3": 0,
      "4": 0,
      "5": 4,
      "6": 3,
      "7": 16,
      "8": 12,
      "9": 11,
      "10": 1,
      "11": 0
    },
    "b": {
      "0": [0, 0],
      "1": [0, 0],
      "2": [0, 0],
      "3": [51, 1],
      "4": [51, 0],
      "5": [1, 50]
    },
    "meta": {
      "lastBranch": 6,
      "lastFunction": 12,
      "lastStatement": 44,
      "seen": {
        "s:5:6:282:Infinity": 0,
        "f:5:6:5:26": 0,
        "s:6:8:6:Infinity": 1,
        "s:8:20:8:Infinity": 2,
        "s:9:19:9:Infinity": 3,
        "s:10:16:10:Infinity": 4,
        "s:11:22:11:Infinity": 5,
        "s:12:18:12:Infinity": 6,
        "s:13:23:13:Infinity": 7,
        "s:15:20:15:Infinity": 8,
        "s:16:23:16:Infinity": 9,
        "s:17:25:17:Infinity": 10,
        "s:19:23:63:Infinity": 11,
        "f:19:23:19:30": 1,
        "s:20:4:20:Infinity": 12,
        "s:21:4:21:Infinity": 13,
        "s:22:4:22:Infinity": 14,
        "s:23:4:23:Infinity": 15,
        "s:25:4:62:Infinity": 16,
        "s:26:27:33:Infinity": 17,
        "s:35:6:35:Infinity": 18,
        "s:36:23:36:Infinity": 19,
        "s:38:6:38:Infinity": 20,
        "s:39:6:39:Infinity": 21,
        "s:41:6:43:Infinity": 22,
        "f:41:6:41:23": 2,
        "s:42:8:42:Infinity": 23,
        "s:46:6:46:Infinity": 24,
        "b:48:6:59:Infinity:55:13:59:Infinity": 0,
        "s:48:6:59:Infinity": 25,
        "s:49:25:49:Infinity": 26,
        "b:50:8:54:Infinity:52:15:54:Infinity": 1,
        "s:50:8:54:Infinity": 27,
        "s:51:10:51:Infinity": 28,
        "s:53:10:53:Infinity": 29,
        "b:55:13:59:Infinity:57:13:59:Infinity": 2,
        "s:55:13:59:Infinity": 30,
        "s:56:8:56:Infinity": 31,
        "s:58:8:58:Infinity": 32,
        "s:61:6:61:Infinity": 33,
        "s:65:2:280:Infinity": 34,
        "f:72:12:72:27": 3,
        "s:72:27:72:Infinity": 35,
        "b:97:11:97:Infinity:98:12:109:Infinity": 3,
        "b:113:11:113:Infinity:114:12:124:Infinity": 4,
        "f:120:30:120:35": 4,
        "s:121:18:121:Infinity": 36,
        "f:142:20:142:31": 5,
        "s:142:37:142:Infinity": 37,
        "f:159:20:159:31": 6,
        "s:159:37:159:Infinity": 38,
        "f:179:18:179:29": 7,
        "s:179:35:179:Infinity": 39,
        "f:198:18:198:29": 8,
        "s:198:35:198:Infinity": 40,
        "f:217:18:217:29": 9,
        "s:217:35:217:Infinity": 41,
        "f:234:18:234:29": 10,
        "s:234:35:234:Infinity": 42,
        "f:252:16:252:31": 11,
        "s:252:31:252:Infinity": 43,
        "b:265:18:270:Infinity:270:18:273:Infinity": 5
      }
    }
  },
  "C:\\Users\\moham\\OneDrive\\Bureau\\optiManage\\frontend_project\\src\\pages\\AddInvoice.tsx": {
    "path": "C:\\Users\\moham\\OneDrive\\Bureau\\optiManage\\frontend_project\\src\\pages\\AddInvoice.tsx",
    "statementMap": {
      "0": {
        "start": { "line": 22, "column": 6 },
        "end": { "line": 338, "column": null }
      },
      "1": {
        "start": { "line": 23, "column": 8 },
        "end": { "line": 23, "column": null }
      },
      "2": {
        "start": { "line": 25, "column": 24 },
        "end": { "line": 25, "column": null }
      },
      "3": {
        "start": { "line": 26, "column": 15 },
        "end": { "line": 26, "column": null }
      },
      "4": {
        "start": { "line": 27, "column": 18 },
        "end": { "line": 27, "column": null }
      },
      "5": {
        "start": { "line": 28, "column": 22 },
        "end": { "line": 28, "column": null }
      },
      "6": {
        "start": { "line": 29, "column": 20 },
        "end": { "line": 29, "column": null }
      },
      "7": {
        "start": { "line": 30, "column": 17 },
        "end": { "line": 30, "column": null }
      },
      "8": {
        "start": { "line": 31, "column": 23 },
        "end": { "line": 31, "column": null }
      },
      "9": {
        "start": { "line": 32, "column": 28 },
        "end": { "line": 32, "column": null }
      },
      "10": {
        "start": { "line": 33, "column": 20 },
        "end": { "line": 33, "column": null }
      },
      "11": {
        "start": { "line": 35, "column": 20 },
        "end": { "line": 35, "column": null }
      },
      "12": {
        "start": { "line": 36, "column": 23 },
        "end": { "line": 36, "column": null }
      },
      "13": {
        "start": { "line": 37, "column": 25 },
        "end": { "line": 37, "column": null }
      },
      "14": {
        "start": { "line": 40, "column": 8 },
        "end": { "line": 44, "column": null }
      },
      "15": {
        "start": { "line": 41, "column": 17 },
        "end": { "line": 41, "column": null }
      },
      "16": {
        "start": { "line": 42, "column": 19 },
        "end": { "line": 42, "column": null }
      },
      "17": {
        "start": { "line": 43, "column": 4 },
        "end": { "line": 43, "column": null }
      },
      "18": {
        "start": { "line": 46, "column": 8 },
        "end": { "line": 54, "column": null }
      },
      "19": {
        "start": { "line": 47, "column": 4 },
        "end": { "line": 53, "column": null }
      },
      "20": {
        "start": { "line": 48, "column": 23 },
        "end": { "line": 48, "column": null }
      },
      "21": {
        "start": { "line": 49, "column": 6 },
        "end": { "line": 49, "column": null }
      },
      "22": {
        "start": { "line": 51, "column": 20 },
        "end": { "line": 51, "column": null }
      },
      "23": {
        "start": { "line": 52, "column": 6 },
        "end": { "line": 52, "column": null }
      },
      "24": {
        "start": { "line": 57, "column": 2 },
        "end": { "line": 60, "column": null }
      },
      "25": {
        "start": { "line": 58, "column": 4 },
        "end": { "line": 58, "column": null }
      },
      "26": {
        "start": { "line": 59, "column": 4 },
        "end": { "line": 59, "column": null }
      },
      "27": {
        "start": { "line": 62, "column": 23 },
        "end": { "line": 105, "column": null }
      },
      "28": {
        "start": { "line": 63, "column": 4 },
        "end": { "line": 63, "column": null }
      },
      "29": {
        "start": { "line": 64, "column": 4 },
        "end": { "line": 64, "column": null }
      },
      "30": {
        "start": { "line": 65, "column": 4 },
        "end": { "line": 65, "column": null }
      },
      "31": {
        "start": { "line": 66, "column": 4 },
        "end": { "line": 66, "column": null }
      },
      "32": {
        "start": { "line": 68, "column": 4 },
        "end": { "line": 104, "column": null }
      },
      "33": {
        "start": { "line": 69, "column": 26 },
        "end": { "line": 77, "column": null }
      },
      "34": {
        "start": { "line": 79, "column": 6 },
        "end": { "line": 79, "column": null }
      },
      "35": {
        "start": { "line": 80, "column": 23 },
        "end": { "line": 80, "column": null }
      },
      "36": {
        "start": { "line": 82, "column": 6 },
        "end": { "line": 82, "column": null }
      },
      "37": {
        "start": { "line": 83, "column": 6 },
        "end": { "line": 83, "column": null }
      },
      "38": {
        "start": { "line": 85, "column": 6 },
        "end": { "line": 87, "column": null }
      },
      "39": {
        "start": { "line": 86, "column": 8 },
        "end": { "line": 86, "column": null }
      },
      "40": {
        "start": { "line": 89, "column": 20 },
        "end": { "line": 89, "column": null }
      },
      "41": {
        "start": { "line": 90, "column": 6 },
        "end": { "line": 90, "column": null }
      },
      "42": {
        "start": { "line": 92, "column": 6 },
        "end": { "line": 101, "column": null }
      },
      "43": {
        "start": { "line": 93, "column": 25 },
        "end": { "line": 93, "column": null }
      },
      "44": {
        "start": { "line": 94, "column": 8 },
        "end": { "line": 94, "column": null }
      },
      "45": {
        "start": { "line": 95, "column": 13 },
        "end": { "line": 101, "column": null }
      },
      "46": {
        "start": { "line": 96, "column": 8 },
        "end": { "line": 96, "column": null }
      },
      "47": {
        "start": { "line": 98, "column": 8 },
        "end": { "line": 100, "column": null }
      },
      "48": {
        "start": { "line": 103, "column": 6 },
        "end": { "line": 103, "column": null }
      },
      "49": {
        "start": { "line": 107, "column": 2 },
        "end": { "line": 336, "column": null }
      },
      "50": {
        "start": { "line": 112, "column": 27 },
        "end": { "line": 112, "column": null }
      },
      "51": {
        "start": { "line": 160, "column": 18 },
        "end": { "line": 160, "column": null }
      },
      "52": {
        "start": { "line": 193, "column": 37 },
        "end": { "line": 193, "column": null }
      },
      "53": {
        "start": { "line": 209, "column": 37 },
        "end": { "line": 209, "column": null }
      },
      "54": {
        "start": { "line": 231, "column": 37 },
        "end": { "line": 231, "column": null }
      },
      "55": {
        "start": { "line": 250, "column": 37 },
        "end": { "line": 250, "column": null }
      },
      "56": {
        "start": { "line": 268, "column": 37 },
        "end": { "line": 268, "column": null }
      },
      "57": {
        "start": { "line": 290, "column": 37 },
        "end": { "line": 290, "column": null }
      },
      "58": {
        "start": { "line": 308, "column": 31 },
        "end": { "line": 308, "column": null }
      }
    },
    "fnMap": {
      "0": {
        "name": "(anonymous_0)",
        "decl": {
          "start": { "line": 22, "column": 6 },
          "end": { "line": 22, "column": 25 }
        },
        "loc": {
          "start": { "line": 22, "column": 25 },
          "end": { "line": 338, "column": null }
        },
        "line": 22
      },
      "1": {
        "name": "(anonymous_1)",
        "decl": {
          "start": { "line": 40, "column": 32 },
          "end": { "line": 40, "column": 50 }
        },
        "loc": {
          "start": { "line": 40, "column": 50 },
          "end": { "line": 44, "column": 5 }
        },
        "line": 40
      },
      "2": {
        "name": "(anonymous_2)",
        "decl": {
          "start": { "line": 46, "column": 36 },
          "end": { "line": 46, "column": 48 }
        },
        "loc": {
          "start": { "line": 46, "column": 48 },
          "end": { "line": 54, "column": 5 }
        },
        "line": 46
      },
      "3": {
        "name": "(anonymous_3)",
        "decl": {
          "start": { "line": 57, "column": 2 },
          "end": { "line": 57, "column": 18 }
        },
        "loc": {
          "start": { "line": 57, "column": 18 },
          "end": { "line": 60, "column": 5 }
        },
        "line": 57
      },
      "4": {
        "name": "(anonymous_4)",
        "decl": {
          "start": { "line": 62, "column": 23 },
          "end": { "line": 62, "column": 30 }
        },
        "loc": {
          "start": { "line": 62, "column": 53 },
          "end": { "line": 105, "column": null }
        },
        "line": 62
      },
      "5": {
        "name": "(anonymous_5)",
        "decl": {
          "start": { "line": 85, "column": 6 },
          "end": { "line": 85, "column": 23 }
        },
        "loc": {
          "start": { "line": 85, "column": 23 },
          "end": { "line": 87, "column": 9 }
        },
        "line": 85
      },
      "6": {
        "name": "(anonymous_6)",
        "decl": {
          "start": { "line": 112, "column": 12 },
          "end": { "line": 112, "column": 27 }
        },
        "loc": {
          "start": { "line": 112, "column": 27 },
          "end": { "line": 112, "column": null }
        },
        "line": 112
      },
      "7": {
        "name": "(anonymous_7)",
        "decl": {
          "start": { "line": 159, "column": 30 },
          "end": { "line": 159, "column": 35 }
        },
        "loc": {
          "start": { "line": 160, "column": 18 },
          "end": { "line": 160, "column": null }
        },
        "line": 160
      },
      "8": {
        "name": "(anonymous_8)",
        "decl": {
          "start": { "line": 193, "column": 20 },
          "end": { "line": 193, "column": 31 }
        },
        "loc": {
          "start": { "line": 193, "column": 37 },
          "end": { "line": 193, "column": null }
        },
        "line": 193
      },
      "9": {
        "name": "(anonymous_9)",
        "decl": {
          "start": { "line": 209, "column": 20 },
          "end": { "line": 209, "column": 31 }
        },
        "loc": {
          "start": { "line": 209, "column": 37 },
          "end": { "line": 209, "column": null }
        },
        "line": 209
      },
      "10": {
        "name": "(anonymous_10)",
        "decl": {
          "start": { "line": 231, "column": 20 },
          "end": { "line": 231, "column": 31 }
        },
        "loc": {
          "start": { "line": 231, "column": 37 },
          "end": { "line": 231, "column": null }
        },
        "line": 231
      },
      "11": {
        "name": "(anonymous_11)",
        "decl": {
          "start": { "line": 250, "column": 20 },
          "end": { "line": 250, "column": 31 }
        },
        "loc": {
          "start": { "line": 250, "column": 37 },
          "end": { "line": 250, "column": null }
        },
        "line": 250
      },
      "12": {
        "name": "(anonymous_12)",
        "decl": {
          "start": { "line": 268, "column": 20 },
          "end": { "line": 268, "column": 31 }
        },
        "loc": {
          "start": { "line": 268, "column": 37 },
          "end": { "line": 268, "column": null }
        },
        "line": 268
      },
      "13": {
        "name": "(anonymous_13)",
        "decl": {
          "start": { "line": 290, "column": 20 },
          "end": { "line": 290, "column": 31 }
        },
        "loc": {
          "start": { "line": 290, "column": 37 },
          "end": { "line": 290, "column": null }
        },
        "line": 290
      },
      "14": {
        "name": "(anonymous_14)",
        "decl": {
          "start": { "line": 308, "column": 16 },
          "end": { "line": 308, "column": 31 }
        },
        "loc": {
          "start": { "line": 308, "column": 31 },
          "end": { "line": 308, "column": null }
        },
        "line": 308
      }
    },
    "branchMap": {
      "0": {
        "loc": {
          "start": { "line": 92, "column": 6 },
          "end": { "line": 101, "column": null }
        },
        "type": "if",
        "locations": [
          {
            "start": { "line": 92, "column": 6 },
            "end": { "line": 101, "column": null }
          },
          {
            "start": { "line": 95, "column": 13 },
            "end": { "line": 101, "column": null }
          }
        ],
        "line": 92
      },
      "1": {
        "loc": {
          "start": { "line": 94, "column": 24 },
          "end": { "line": 94, "column": 71 }
        },
        "type": "cond-expr",
        "locations": [
          {
            "start": { "line": 94, "column": 50 },
            "end": { "line": 94, "column": 61 }
          },
          {
            "start": { "line": 94, "column": 61 },
            "end": { "line": 94, "column": 71 }
          }
        ],
        "line": 94
      },
      "2": {
        "loc": {
          "start": { "line": 95, "column": 13 },
          "end": { "line": 101, "column": null }
        },
        "type": "if",
        "locations": [
          {
            "start": { "line": 95, "column": 13 },
            "end": { "line": 101, "column": null }
          },
          {
            "start": { "line": 97, "column": 13 },
            "end": { "line": 101, "column": null }
          }
        ],
        "line": 95
      },
      "3": {
        "loc": {
          "start": { "line": 137, "column": 11 },
          "end": { "line": 149, "column": null }
        },
        "type": "binary-expr",
        "locations": [
          {
            "start": { "line": 137, "column": 11 },
            "end": { "line": 137, "column": null }
          },
          {
            "start": { "line": 138, "column": 12 },
            "end": { "line": 149, "column": null }
          }
        ],
        "line": 137
      },
      "4": {
        "loc": {
          "start": { "line": 152, "column": 11 },
          "end": { "line": 163, "column": null }
        },
        "type": "binary-expr",
        "locations": [
          {
            "start": { "line": 152, "column": 11 },
            "end": { "line": 152, "column": null }
          },
          {
            "start": { "line": 153, "column": 12 },
            "end": { "line": 163, "column": null }
          }
        ],
        "line": 152
      },
      "5": {
        "loc": {
          "start": { "line": 320, "column": 17 },
          "end": { "line": 329, "column": null }
        },
        "type": "cond-expr",
        "locations": [
          {
            "start": { "line": 321, "column": 18 },
            "end": { "line": 326, "column": null }
          },
          {
            "start": { "line": 326, "column": 18 },
            "end": { "line": 329, "column": null }
          }
        ],
        "line": 320
      }
    },
    "s": {
      "0": 1,
      "1": 22,
      "2": 22,
      "3": 22,
      "4": 22,
      "5": 22,
      "6": 22,
      "7": 22,
      "8": 22,
      "9": 22,
      "10": 22,
      "11": 22,
      "12": 22,
      "13": 22,
      "14": 22,
      "15": 3,
      "16": 3,
      "17": 3,
      "18": 22,
      "19": 3,
      "20": 3,
      "21": 3,
      "22": 0,
      "23": 0,
      "24": 22,
      "25": 3,
      "26": 3,
      "27": 22,
      "28": 1,
      "29": 1,
      "30": 1,
      "31": 1,
      "32": 1,
      "33": 1,
      "34": 1,
      "35": 1,
      "36": 1,
      "37": 1,
      "38": 1,
      "39": 0,
      "40": 0,
      "41": 0,
      "42": 0,
      "43": 0,
      "44": 0,
      "45": 0,
      "46": 0,
      "47": 0,
      "48": 1,
      "49": 22,
      "50": 0,
      "51": 0,
      "52": 1,
      "53": 1,
      "54": 4,
      "55": 3,
      "56": 1,
      "57": 1,
      "58": 0
    },
    "f": {
      "0": 22,
      "1": 3,
      "2": 3,
      "3": 3,
      "4": 1,
      "5": 0,
      "6": 0,
      "7": 0,
      "8": 1,
      "9": 1,
      "10": 4,
      "11": 3,
      "12": 1,
      "13": 1,
      "14": 0
    },
    "b": {
      "0": [0, 0],
      "1": [0, 0],
      "2": [0, 0],
      "3": [22, 1],
      "4": [22, 0],
      "5": [1, 21]
    },
    "meta": {
      "lastBranch": 6,
      "lastFunction": 15,
      "lastStatement": 59,
      "seen": {
        "s:22:6:338:Infinity": 0,
        "f:22:6:22:25": 0,
        "s:23:8:23:Infinity": 1,
        "s:25:24:25:Infinity": 2,
        "s:26:15:26:Infinity": 3,
        "s:27:18:27:Infinity": 4,
        "s:28:22:28:Infinity": 5,
        "s:29:20:29:Infinity": 6,
        "s:30:17:30:Infinity": 7,
        "s:31:23:31:Infinity": 8,
        "s:32:28:32:Infinity": 9,
        "s:33:20:33:Infinity": 10,
        "s:35:20:35:Infinity": 11,
        "s:36:23:36:Infinity": 12,
        "s:37:25:37:Infinity": 13,
        "s:40:8:44:Infinity": 14,
        "f:40:32:40:50": 1,
        "s:41:17:41:Infinity": 15,
        "s:42:19:42:Infinity": 16,
        "s:43:4:43:Infinity": 17,
        "s:46:8:54:Infinity": 18,
        "f:46:36:46:48": 2,
        "s:47:4:53:Infinity": 19,
        "s:48:23:48:Infinity": 20,
        "s:49:6:49:Infinity": 21,
        "s:51:20:51:Infinity": 22,
        "s:52:6:52:Infinity": 23,
        "s:57:2:60:Infinity": 24,
        "f:57:2:57:18": 3,
        "s:58:4:58:Infinity": 25,
        "s:59:4:59:Infinity": 26,
        "s:62:23:105:Infinity": 27,
        "f:62:23:62:30": 4,
        "s:63:4:63:Infinity": 28,
        "s:64:4:64:Infinity": 29,
        "s:65:4:65:Infinity": 30,
        "s:66:4:66:Infinity": 31,
        "s:68:4:104:Infinity": 32,
        "s:69:26:77:Infinity": 33,
        "s:79:6:79:Infinity": 34,
        "s:80:23:80:Infinity": 35,
        "s:82:6:82:Infinity": 36,
        "s:83:6:83:Infinity": 37,
        "s:85:6:87:Infinity": 38,
        "f:85:6:85:23": 5,
        "s:86:8:86:Infinity": 39,
        "s:89:20:89:Infinity": 40,
        "s:90:6:90:Infinity": 41,
        "b:92:6:101:Infinity:95:13:101:Infinity": 0,
        "s:92:6:101:Infinity": 42,
        "s:93:25:93:Infinity": 43,
        "s:94:8:94:Infinity": 44,
        "b:94:50:94:61:94:61:94:71": 1,
        "b:95:13:101:Infinity:97:13:101:Infinity": 2,
        "s:95:13:101:Infinity": 45,
        "s:96:8:96:Infinity": 46,
        "s:98:8:100:Infinity": 47,
        "s:103:6:103:Infinity": 48,
        "s:107:2:336:Infinity": 49,
        "f:112:12:112:27": 6,
        "s:112:27:112:Infinity": 50,
        "b:137:11:137:Infinity:138:12:149:Infinity": 3,
        "b:152:11:152:Infinity:153:12:163:Infinity": 4,
        "f:159:30:159:35": 7,
        "s:160:18:160:Infinity": 51,
        "f:193:20:193:31": 8,
        "s:193:37:193:Infinity": 52,
        "f:209:20:209:31": 9,
        "s:209:37:209:Infinity": 53,
        "f:231:20:231:31": 10,
        "s:231:37:231:Infinity": 54,
        "f:250:20:250:31": 11,
        "s:250:37:250:Infinity": 55,
        "f:268:20:268:31": 12,
        "s:268:37:268:Infinity": 56,
        "f:290:20:290:31": 13,
        "s:290:37:290:Infinity": 57,
        "f:308:16:308:31": 14,
        "s:308:31:308:Infinity": 58,
        "b:321:18:326:Infinity:326:18:329:Infinity": 5
      }
    }
  },
  "C:\\Users\\moham\\OneDrive\\Bureau\\optiManage\\frontend_project\\src\\pages\\AddProduct.tsx": {
    "path": "C:\\Users\\moham\\OneDrive\\Bureau\\optiManage\\frontend_project\\src\\pages\\AddProduct.tsx",
    "statementMap": {
      "0": {
        "start": { "line": 21, "column": 6 },
        "end": { "line": 398, "column": null }
      },
      "1": {
        "start": { "line": 22, "column": 10 },
        "end": { "line": 22, "column": null }
      },
      "2": {
        "start": { "line": 25, "column": 21 },
        "end": { "line": 31, "column": null }
      },
      "3": {
        "start": { "line": 33, "column": 19 },
        "end": { "line": 33, "column": null }
      },
      "4": {
        "start": { "line": 34, "column": 22 },
        "end": { "line": 34, "column": null }
      },
      "5": {
        "start": { "line": 35, "column": 25 },
        "end": { "line": 35, "column": null }
      },
      "6": {
        "start": { "line": 36, "column": 27 },
        "end": { "line": 36, "column": null }
      },
      "7": {
        "start": { "line": 39, "column": 10 },
        "end": { "line": 44, "column": null }
      },
      "8": {
        "start": { "line": 40, "column": 8 },
        "end": { "line": 40, "column": null }
      },
      "9": {
        "start": { "line": 40, "column": 20 },
        "end": { "line": 40, "column": null }
      },
      "10": {
        "start": { "line": 41, "column": 8 },
        "end": { "line": 41, "column": null }
      },
      "11": {
        "start": { "line": 41, "column": 30 },
        "end": { "line": 41, "column": null }
      },
      "12": {
        "start": { "line": 42, "column": 8 },
        "end": { "line": 42, "column": null }
      },
      "13": {
        "start": { "line": 42, "column": 32 },
        "end": { "line": 42, "column": null }
      },
      "14": {
        "start": { "line": 43, "column": 8 },
        "end": { "line": 43, "column": null }
      },
      "15": {
        "start": { "line": 46, "column": 10 },
        "end": { "line": 51, "column": null }
      },
      "16": {
        "start": { "line": 47, "column": 8 },
        "end": { "line": 47, "column": null }
      },
      "17": {
        "start": { "line": 47, "column": 20 },
        "end": { "line": 47, "column": null }
      },
      "18": {
        "start": { "line": 48, "column": 8 },
        "end": { "line": 48, "column": null }
      },
      "19": {
        "start": { "line": 48, "column": 31 },
        "end": { "line": 48, "column": null }
      },
      "20": {
        "start": { "line": 49, "column": 8 },
        "end": { "line": 49, "column": null }
      },
      "21": {
        "start": { "line": 49, "column": 33 },
        "end": { "line": 49, "column": null }
      },
      "22": {
        "start": { "line": 50, "column": 8 },
        "end": { "line": 50, "column": null }
      },
      "23": {
        "start": { "line": 53, "column": 10 },
        "end": { "line": 60, "column": null }
      },
      "24": {
        "start": { "line": 54, "column": 8 },
        "end": { "line": 54, "column": null }
      },
      "25": {
        "start": { "line": 54, "column": 20 },
        "end": { "line": 54, "column": null }
      },
      "26": {
        "start": { "line": 55, "column": 25 },
        "end": { "line": 55, "column": null }
      },
      "27": {
        "start": { "line": 56, "column": 8 },
        "end": { "line": 56, "column": null }
      },
      "28": {
        "start": { "line": 56, "column": 29 },
        "end": { "line": 56, "column": null }
      },
      "29": {
        "start": { "line": 57, "column": 8 },
        "end": { "line": 57, "column": null }
      },
      "30": {
        "start": { "line": 57, "column": 29 },
        "end": { "line": 57, "column": null }
      },
      "31": {
        "start": { "line": 58, "column": 8 },
        "end": { "line": 58, "column": null }
      },
      "32": {
        "start": { "line": 58, "column": 46 },
        "end": { "line": 58, "column": null }
      },
      "33": {
        "start": { "line": 59, "column": 8 },
        "end": { "line": 59, "column": null }
      },
      "34": {
        "start": { "line": 62, "column": 10 },
        "end": { "line": 69, "column": null }
      },
      "35": {
        "start": { "line": 63, "column": 8 },
        "end": { "line": 63, "column": null }
      },
      "36": {
        "start": { "line": 63, "column": 20 },
        "end": { "line": 63, "column": null }
      },
      "37": {
        "start": { "line": 64, "column": 28 },
        "end": { "line": 64, "column": null }
      },
      "38": {
        "start": { "line": 65, "column": 8 },
        "end": { "line": 65, "column": null }
      },
      "39": {
        "start": { "line": 65, "column": 32 },
        "end": { "line": 65, "column": null }
      },
      "40": {
        "start": { "line": 66, "column": 8 },
        "end": { "line": 66, "column": null }
      },
      "41": {
        "start": { "line": 66, "column": 29 },
        "end": { "line": 66, "column": null }
      },
      "42": {
        "start": { "line": 67, "column": 8 },
        "end": { "line": 67, "column": null }
      },
      "43": {
        "start": { "line": 67, "column": 44 },
        "end": { "line": 67, "column": null }
      },
      "44": {
        "start": { "line": 68, "column": 8 },
        "end": { "line": 68, "column": null }
      },
      "45": {
        "start": { "line": 71, "column": 10 },
        "end": { "line": 76, "column": null }
      },
      "46": {
        "start": { "line": 72, "column": 8 },
        "end": { "line": 72, "column": null }
      },
      "47": {
        "start": { "line": 72, "column": 20 },
        "end": { "line": 72, "column": null }
      },
      "48": {
        "start": { "line": 73, "column": 8 },
        "end": { "line": 73, "column": null }
      },
      "49": {
        "start": { "line": 73, "column": 30 },
        "end": { "line": 73, "column": null }
      },
      "50": {
        "start": { "line": 74, "column": 8 },
        "end": { "line": 74, "column": null }
      },
      "51": {
        "start": { "line": 74, "column": 32 },
        "end": { "line": 74, "column": null }
      },
      "52": {
        "start": { "line": 75, "column": 8 },
        "end": { "line": 75, "column": null }
      },
      "53": {
        "start": { "line": 79, "column": 10 },
        "end": { "line": 94, "column": null }
      },
      "54": {
        "start": { "line": 80, "column": 8 },
        "end": { "line": 93, "column": null }
      },
      "55": {
        "start": { "line": 82, "column": 16 },
        "end": { "line": 82, "column": null }
      },
      "56": {
        "start": { "line": 84, "column": 16 },
        "end": { "line": 84, "column": null }
      },
      "57": {
        "start": { "line": 86, "column": 16 },
        "end": { "line": 86, "column": null }
      },
      "58": {
        "start": { "line": 88, "column": 16 },
        "end": { "line": 88, "column": null }
      },
      "59": {
        "start": { "line": 90, "column": 16 },
        "end": { "line": 90, "column": null }
      },
      "60": {
        "start": { "line": 92, "column": 16 },
        "end": { "line": 92, "column": null }
      },
      "61": {
        "start": { "line": 97, "column": 10 },
        "end": { "line": 108, "column": null }
      },
      "62": {
        "start": { "line": 98, "column": 38 },
        "end": { "line": 104, "column": null }
      },
      "63": {
        "start": { "line": 106, "column": 8 },
        "end": { "line": 106, "column": null }
      },
      "64": {
        "start": { "line": 107, "column": 8 },
        "end": { "line": 107, "column": null }
      },
      "65": {
        "start": { "line": 107, "column": 55 },
        "end": { "line": 107, "column": 74 }
      },
      "66": {
        "start": { "line": 111, "column": 10 },
        "end": { "line": 124, "column": null }
      },
      "67": {
        "start": { "line": 112, "column": 32 },
        "end": { "line": 112, "column": null }
      },
      "68": {
        "start": { "line": 113, "column": 8 },
        "end": { "line": 116, "column": null }
      },
      "69": {
        "start": { "line": 113, "column": 29 },
        "end": { "line": 116, "column": 10 }
      },
      "70": {
        "start": { "line": 119, "column": 22 },
        "end": { "line": 119, "column": null }
      },
      "71": {
        "start": { "line": 120, "column": 8 },
        "end": { "line": 123, "column": null }
      },
      "72": {
        "start": { "line": 120, "column": 27 },
        "end": { "line": 123, "column": 10 }
      },
      "73": {
        "start": { "line": 127, "column": 25 },
        "end": { "line": 177, "column": null }
      },
      "74": {
        "start": { "line": 128, "column": 8 },
        "end": { "line": 128, "column": null }
      },
      "75": {
        "start": { "line": 131, "column": 8 },
        "end": { "line": 133, "column": null }
      },
      "76": {
        "start": { "line": 132, "column": 12 },
        "end": { "line": 132, "column": null }
      },
      "77": {
        "start": { "line": 135, "column": 8 },
        "end": { "line": 135, "column": null }
      },
      "78": {
        "start": { "line": 136, "column": 8 },
        "end": { "line": 136, "column": null }
      },
      "79": {
        "start": { "line": 137, "column": 8 },
        "end": { "line": 137, "column": null }
      },
      "80": {
        "start": { "line": 139, "column": 8 },
        "end": { "line": 176, "column": null }
      },
      "81": {
        "start": { "line": 140, "column": 32 },
        "end": { "line": 146, "column": null }
      },
      "82": {
        "start": { "line": 148, "column": 12 },
        "end": { "line": 148, "column": null }
      },
      "83": {
        "start": { "line": 149, "column": 29 },
        "end": { "line": 149, "column": null }
      },
      "84": {
        "start": { "line": 151, "column": 12 },
        "end": { "line": 151, "column": null }
      },
      "85": {
        "start": { "line": 152, "column": 12 },
        "end": { "line": 152, "column": null }
      },
      "86": {
        "start": { "line": 155, "column": 12 },
        "end": { "line": 157, "column": null }
      },
      "87": {
        "start": { "line": 156, "column": 16 },
        "end": { "line": 156, "column": null }
      },
      "88": {
        "start": { "line": 160, "column": 12 },
        "end": { "line": 160, "column": null }
      },
      "89": {
        "start": { "line": 162, "column": 12 },
        "end": { "line": 173, "column": null }
      },
      "90": {
        "start": { "line": 163, "column": 33 },
        "end": { "line": 163, "column": null }
      },
      "91": {
        "start": { "line": 164, "column": 16 },
        "end": { "line": 168, "column": null }
      },
      "92": {
        "start": { "line": 165, "column": 20 },
        "end": { "line": 165, "column": null }
      },
      "93": {
        "start": { "line": 167, "column": 20 },
        "end": { "line": 167, "column": null }
      },
      "94": {
        "start": { "line": 169, "column": 19 },
        "end": { "line": 173, "column": null }
      },
      "95": {
        "start": { "line": 170, "column": 16 },
        "end": { "line": 170, "column": null }
      },
      "96": {
        "start": { "line": 172, "column": 16 },
        "end": { "line": 172, "column": null }
      },
      "97": {
        "start": { "line": 175, "column": 12 },
        "end": { "line": 175, "column": null }
      },
      "98": {
        "start": { "line": 179, "column": 4 },
        "end": { "line": 396, "column": null }
      },
      "99": {
        "start": { "line": 186, "column": 39 },
        "end": { "line": 186, "column": null }
      },
      "100": {
        "start": { "line": 219, "column": 32 },
        "end": { "line": 219, "column": null }
      },
      "101": {
        "start": { "line": 368, "column": 47 },
        "end": { "line": 368, "column": null }
      }
    },
    "fnMap": {
      "0": {
        "name": "(anonymous_0)",
        "decl": {
          "start": { "line": 21, "column": 6 },
          "end": { "line": 21, "column": 29 }
        },
        "loc": {
          "start": { "line": 21, "column": 29 },
          "end": { "line": 398, "column": null }
        },
        "line": 21
      },
      "1": {
        "name": "(anonymous_1)",
        "decl": {
          "start": { "line": 39, "column": 10 },
          "end": { "line": 39, "column": 26 }
        },
        "loc": {
          "start": { "line": 39, "column": 64 },
          "end": { "line": 44, "column": null }
        },
        "line": 39
      },
      "2": {
        "name": "(anonymous_2)",
        "decl": {
          "start": { "line": 46, "column": 10 },
          "end": { "line": 46, "column": 33 }
        },
        "loc": {
          "start": { "line": 46, "column": 71 },
          "end": { "line": 51, "column": null }
        },
        "line": 46
      },
      "3": {
        "name": "(anonymous_3)",
        "decl": {
          "start": { "line": 53, "column": 10 },
          "end": { "line": 53, "column": 27 }
        },
        "loc": {
          "start": { "line": 53, "column": 65 },
          "end": { "line": 60, "column": null }
        },
        "line": 53
      },
      "4": {
        "name": "(anonymous_4)",
        "decl": {
          "start": { "line": 62, "column": 10 },
          "end": { "line": 62, "column": 30 }
        },
        "loc": {
          "start": { "line": 62, "column": 68 },
          "end": { "line": 69, "column": null }
        },
        "line": 62
      },
      "5": {
        "name": "(anonymous_5)",
        "decl": {
          "start": { "line": 71, "column": 10 },
          "end": { "line": 71, "column": 30 }
        },
        "loc": {
          "start": { "line": 71, "column": 68 },
          "end": { "line": 76, "column": null }
        },
        "line": 71
      },
      "6": {
        "name": "(anonymous_6)",
        "decl": {
          "start": { "line": 79, "column": 10 },
          "end": { "line": 79, "column": 27 }
        },
        "loc": {
          "start": { "line": 79, "column": 79 },
          "end": { "line": 94, "column": null }
        },
        "line": 79
      },
      "7": {
        "name": "(anonymous_7)",
        "decl": {
          "start": { "line": 97, "column": 10 },
          "end": { "line": 97, "column": 40 }
        },
        "loc": {
          "start": { "line": 97, "column": 40 },
          "end": { "line": 108, "column": null }
        },
        "line": 97
      },
      "8": {
        "name": "(anonymous_8)",
        "decl": {
          "start": { "line": 107, "column": 41 },
          "end": { "line": 107, "column": 46 }
        },
        "loc": {
          "start": { "line": 107, "column": 55 },
          "end": { "line": 107, "column": 74 }
        },
        "line": 107
      },
      "9": {
        "name": "(anonymous_9)",
        "decl": {
          "start": { "line": 111, "column": 10 },
          "end": { "line": 111, "column": 26 }
        },
        "loc": {
          "start": { "line": 111, "column": 91 },
          "end": { "line": 124, "column": null }
        },
        "line": 111
      },
      "10": {
        "name": "(anonymous_10)",
        "decl": {
          "start": { "line": 113, "column": 8 },
          "end": { "line": 113, "column": 20 }
        },
        "loc": {
          "start": { "line": 113, "column": 29 },
          "end": { "line": 116, "column": 10 }
        },
        "line": 113
      },
      "11": {
        "name": "(anonymous_11)",
        "decl": {
          "start": { "line": 120, "column": 8 },
          "end": { "line": 120, "column": 18 }
        },
        "loc": {
          "start": { "line": 120, "column": 27 },
          "end": { "line": 123, "column": 10 }
        },
        "line": 120
      },
      "12": {
        "name": "(anonymous_12)",
        "decl": {
          "start": { "line": 127, "column": 25 },
          "end": { "line": 127, "column": 32 }
        },
        "loc": {
          "start": { "line": 127, "column": 55 },
          "end": { "line": 177, "column": null }
        },
        "line": 127
      },
      "13": {
        "name": "(anonymous_13)",
        "decl": {
          "start": { "line": 155, "column": 12 },
          "end": { "line": 155, "column": 29 }
        },
        "loc": {
          "start": { "line": 155, "column": 29 },
          "end": { "line": 157, "column": 15 }
        },
        "line": 155
      },
      "14": {
        "name": "(anonymous_14)",
        "decl": {
          "start": { "line": 186, "column": 24 },
          "end": { "line": 186, "column": 39 }
        },
        "loc": {
          "start": { "line": 186, "column": 39 },
          "end": { "line": 186, "column": null }
        },
        "line": 186
      },
      "15": {
        "name": "(anonymous_15)",
        "decl": {
          "start": { "line": 218, "column": 42 },
          "end": { "line": 218, "column": 47 }
        },
        "loc": {
          "start": { "line": 219, "column": 32 },
          "end": { "line": 219, "column": null }
        },
        "line": 219
      },
      "16": {
        "name": "(anonymous_16)",
        "decl": {
          "start": { "line": 368, "column": 32 },
          "end": { "line": 368, "column": 47 }
        },
        "loc": {
          "start": { "line": 368, "column": 47 },
          "end": { "line": 368, "column": null }
        },
        "line": 368
      }
    },
    "branchMap": {
      "0": {
        "loc": {
          "start": { "line": 40, "column": 8 },
          "end": { "line": 40, "column": null }
        },
        "type": "if",
        "locations": [
          {
            "start": { "line": 40, "column": 8 },
[...]
        "name": "(anonymous_12)",
        "decl": {
          "start": { "line": 168, "column": 37 },
          "end": { "line": 168, "column": 49 }
        },
        "loc": {
          "start": { "line": 168, "column": 67 },
          "end": { "line": 182, "column": 13 }
        },
        "line": 168
      }
    },
    "branchMap": {
      "0": {
        "loc": {
          "start": { "line": 53, "column": 29 },
          "end": { "line": 53, "column": null }
        },
        "type": "binary-expr",
        "locations": [
          {
            "start": { "line": 53, "column": 29 },
            "end": { "line": 53, "column": 46 }
          },
          {
            "start": { "line": 53, "column": 46 },
            "end": { "line": 53, "column": null }
          }
        ],
        "line": 53
      },
      "1": {
        "loc": {
          "start": { "line": 54, "column": 27 },
          "end": { "line": 54, "column": null }
        },
        "type": "binary-expr",
        "locations": [
          {
            "start": { "line": 54, "column": 27 },
            "end": { "line": 54, "column": 42 }
          },
          {
            "start": { "line": 54, "column": 42 },
            "end": { "line": 54, "column": null }
          }
        ],
        "line": 54
      },
      "2": {
        "loc": {
          "start": { "line": 69, "column": 12 },
          "end": { "line": 75, "column": null }
        },
        "type": "if",
        "locations": [
          {
            "start": { "line": 69, "column": 12 },
            "end": { "line": 75, "column": null }
          },
          {
            "start": { "line": 71, "column": 19 },
            "end": { "line": 75, "column": null }
          }
        ],
        "line": 69
      },
      "3": {
        "loc": {
          "start": { "line": 70, "column": 39 },
          "end": { "line": 70, "column": 103 }
        },
        "type": "binary-expr",
        "locations": [
          {
            "start": { "line": 70, "column": 39 },
            "end": { "line": 70, "column": 70 }
          },
          {
            "start": { "line": 70, "column": 70 },
            "end": { "line": 70, "column": 103 }
          }
        ],
        "line": 70
      },
      "4": {
        "loc": {
          "start": { "line": 71, "column": 19 },
          "end": { "line": 75, "column": null }
        },
        "type": "if",
        "locations": [
          {
            "start": { "line": 71, "column": 19 },
            "end": { "line": 75, "column": null }
          },
          {
            "start": { "line": 73, "column": 19 },
            "end": { "line": 75, "column": null }
          }
        ],
        "line": 71
      },
      "5": {
        "loc": {
          "start": { "line": 101, "column": 8 },
          "end": { "line": 107, "column": null }
        },
        "type": "if",
        "locations": [
          {
            "start": { "line": 101, "column": 8 },
            "end": { "line": 107, "column": null }
          },
          { "start": {}, "end": {} }
        ],
        "line": 101
      },
      "6": {
        "loc": {
          "start": { "line": 101, "column": 12 },
          "end": { "line": 101, "column": 32 }
        },
        "type": "binary-expr",
        "locations": [
          {
            "start": { "line": 101, "column": 12 },
            "end": { "line": 101, "column": 21 }
          },
          {
            "start": { "line": 101, "column": 21 },
            "end": { "line": 101, "column": 32 }
          }
        ],
        "line": 101
      },
      "7": {
        "loc": {
          "start": { "line": 105, "column": 22 },
          "end": { "line": 105, "column": null }
        },
        "type": "binary-expr",
        "locations": [
          {
            "start": { "line": 105, "column": 22 },
            "end": { "line": 105, "column": 34 }
          },
          {
            "start": { "line": 105, "column": 34 },
            "end": { "line": 105, "column": null }
          }
        ],
        "line": 105
      },
      "8": {
        "loc": {
          "start": { "line": 157, "column": 30 },
          "end": { "line": 157, "column": null }
        },
        "type": "binary-expr",
        "locations": [
          {
            "start": { "line": 157, "column": 30 },
            "end": { "line": 157, "column": 58 }
          },
          {
            "start": { "line": 157, "column": 58 },
            "end": { "line": 157, "column": null }
          }
        ],
        "line": 157
      },
      "9": {
        "loc": {
          "start": { "line": 169, "column": 16 },
          "end": { "line": 181, "column": null }
        },
        "type": "if",
        "locations": [
          {
            "start": { "line": 169, "column": 16 },
            "end": { "line": 181, "column": null }
          },
          {
            "start": { "line": 177, "column": 23 },
            "end": { "line": 181, "column": null }
          }
        ],
        "line": 169
      },
      "10": {
        "loc": {
          "start": { "line": 175, "column": 30 },
          "end": { "line": 175, "column": null }
        },
        "type": "binary-expr",
        "locations": [
          {
            "start": { "line": 175, "column": 30 },
            "end": { "line": 175, "column": 53 }
          },
          {
            "start": { "line": 175, "column": 53 },
            "end": { "line": 175, "column": null }
          }
        ],
        "line": 175
      }
    },
    "s": {
      "0": 8,
      "1": 0,
      "2": 0,
      "3": 0,
      "4": 0,
      "5": 0,
      "6": 0,
      "7": 0,
      "8": 0,
      "9": 8,
      "10": 0,
      "11": 0,
      "12": 0,
      "13": 0,
      "14": 0,
      "15": 0,
      "16": 0,
      "17": 0,
      "18": 0,
      "19": 0,
      "20": 0,
      "21": 0,
      "22": 0,
      "23": 0,
      "24": 0,
      "25": 0,
      "26": 8,
      "27": 0,
      "28": 0,
      "29": 0,
      "30": 0,
      "31": 0,
      "32": 0,
      "33": 8,
      "34": 0,
      "35": 0,
      "36": 0,
      "37": 0,
      "38": 0,
      "39": 0,
      "40": 8,
      "41": 8,
      "42": 0,
      "43": 3,
      "44": 3,
      "45": 8,
      "46": 0,
      "47": 0,
      "48": 0,
      "49": 0,
      "50": 0,
      "51": 0,
      "52": 0,
      "53": 0,
      "54": 0,
      "55": 0,
      "56": 0,
      "57": 0,
      "58": 0,
      "59": 0,
      "60": 0,
      "61": 0,
      "62": 0,
      "63": 0,
      "64": 0,
      "65": 0,
      "66": 0,
      "67": 0,
      "68": 0,
      "69": 0,
      "70": 8
    },
    "f": {
      "0": 0,
      "1": 0,
      "2": 0,
      "3": 0,
      "4": 0,
      "5": 0,
      "6": 3,
      "7": 8,
      "8": 0,
      "9": 0,
      "10": 0,
      "11": 0,
      "12": 0
    },
    "b": {
      "0": [0, 0],
      "1": [0, 0],
      "2": [0, 0],
      "3": [0, 0],
      "4": [0, 0],
      "5": [0, 0],
      "6": [0, 0],
      "7": [0, 0],
      "8": [0, 0],
      "9": [0, 0],
      "10": [0, 0]
    },
    "meta": {
      "lastBranch": 11,
      "lastFunction": 13,
      "lastStatement": 71,
      "seen": {
        "s:29:6:41:Infinity": 0,
        "f:29:6:29:21": 0,
        "s:30:4:40:Infinity": 1,
        "s:31:26:31:Infinity": 2,
        "s:32:23:32:Infinity": 3,
        "s:33:28:35:Infinity": 4,
        "f:33:74:33:83": 1,
        "s:34:12:34:Infinity": 5,
        "s:36:8:36:Infinity": 6,
        "s:38:8:38:Infinity": 7,
        "s:39:8:39:Infinity": 8,
        "s:44:13:78:Infinity": 9,
        "f:46:4:46:11": 2,
        "s:47:8:76:Infinity": 10,
        "s:48:29:48:Infinity": 11,
        "s:49:26:49:Infinity": 12,
        "s:52:28:52:Infinity": 13,
        "s:53:29:53:Infinity": 14,
        "b:53:29:53:46:53:46:53:Infinity": 0,
        "s:54:27:54:Infinity": 15,
        "b:54:27:54:42:54:42:54:Infinity": 1,
        "s:57:12:57:Infinity": 16,
        "s:58:12:58:Infinity": 17,
        "s:59:12:59:Infinity": 18,
        "s:60:12:60:Infinity": 19,
        "s:62:12:67:Infinity": 20,
        "b:69:12:75:Infinity:71:19:75:Infinity": 2,
        "s:69:12:75:Infinity": 21,
        "s:70:16:70:Infinity": 22,
        "b:70:39:70:70:70:70:70:103": 3,
        "b:71:19:75:Infinity:73:19:75:Infinity": 4,
        "s:71:19:75:Infinity": 23,
        "s:72:16:72:Infinity": 24,
        "s:74:16:74:Infinity": 25,
        "s:81:13:91:Infinity": 26,
        "f:83:4:83:16": 3,
        "s:84:8:84:Infinity": 27,
        "s:85:8:85:Infinity": 28,
        "s:86:8:86:Infinity": 29,
        "s:87:8:87:Infinity": 30,
        "s:88:8:88:Infinity": 31,
        "s:89:8:89:Infinity": 32,
        "s:94:13:110:Infinity": 33,
        "f:96:4:96:16": 4,
        "s:97:22:97:Infinity": 34,
        "s:98:26:98:Infinity": 35,
        "s:99:25:99:Infinity": 36,
        "b:101:8:107:Infinity:undefined:undefined:undefined:undefined": 5,
        "s:101:8:107:Infinity": 37,
        "b:101:12:101:21:101:21:101:32": 6,
        "s:102:12:106:Infinity": 38,
        "b:105:22:105:34:105:34:105:Infinity": 7,
        "s:108:8:108:Infinity": 39,
        "s:113:33:119:Infinity": 40,
        "s:122:6:184:Infinity": 41,
        "f:126:8:126:21": 5,
        "s:127:12:127:Infinity": 42,
        "f:129:8:129:26": 6,
        "s:130:12:130:Infinity": 43,
        "s:131:12:131:Infinity": 44,
        "f:134:4:134:20": 7,
        "s:135:8:182:Infinity": 45,
        "f:137:31:137:41": 8,
        "s:138:16:138:Infinity": 46,
        "s:139:16:139:Infinity": 47,
        "f:141:31:141:43": 9,
        "s:142:16:142:Infinity": 48,
        "s:143:16:143:Infinity": 49,
        "s:144:16:144:Infinity": 50,
        "s:145:16:149:Infinity": 51,
        "s:150:16:150:Infinity": 52,
        "f:152:31:152:42": 10,
        "s:153:16:153:Infinity": 53,
        "s:154:16:154:Infinity": 54,
        "s:155:16:155:Infinity": 55,
        "s:156:16:156:Infinity": 56,
        "s:157:16:157:Infinity": 57,
        "b:157:30:157:58:157:58:157:Infinity": 8,
        "f:160:32:160:44": 11,
        "s:161:16:161:Infinity": 58,
        "s:162:16:162:Infinity": 59,
        "s:163:16:163:Infinity": 60,
        "s:164:16:164:Infinity": 61,
        "s:165:16:165:Infinity": 62,
        "f:168:37:168:49": 12,
        "b:169:16:181:Infinity:177:23:181:Infinity": 9,
        "s:169:16:181:Infinity": 63,
        "s:170:20:170:Infinity": 64,
        "s:171:20:171:Infinity": 65,
        "s:172:20:176:Infinity": 66,
        "b:175:30:175:53:175:53:175:Infinity": 10,
        "s:178:20:178:Infinity": 67,
        "s:179:20:179:Infinity": 68,
        "s:180:20:180:Infinity": 69,
        "s:186:47:186:Infinity": 70
      }
    }
  },
  "C:\\Users\\moham\\OneDrive\\Bureau\\optiManage\\frontend_project\\src\\redux\\features\\registerSlice.tsx": {
    "path": "C:\\Users\\moham\\OneDrive\\Bureau\\optiManage\\frontend_project\\src\\redux\\features\\registerSlice.tsx",
    "statementMap": {
      "0": {
        "start": { "line": 38, "column": 13 },
        "end": { "line": 69, "column": null }
      },
      "1": {
        "start": { "line": 45, "column": 4 },
        "end": { "line": 67, "column": null }
      },
      "2": {
        "start": { "line": 46, "column": 23 },
        "end": { "line": 54, "column": null }
      },
      "3": {
        "start": { "line": 57, "column": 6 },
        "end": { "line": 59, "column": null }
      },
      "4": {
        "start": { "line": 58, "column": 8 },
        "end": { "line": 58, "column": null }
      },
      "5": {
        "start": { "line": 61, "column": 6 },
        "end": { "line": 61, "column": null }
      },
      "6": {
        "start": { "line": 63, "column": 6 },
        "end": { "line": 63, "column": null }
      },
      "7": {
        "start": { "line": 64, "column": 6 },
        "end": { "line": 66, "column": null }
      },
      "8": {
        "start": { "line": 71, "column": 36 },
        "end": { "line": 76, "column": null }
      },
      "9": {
        "start": { "line": 78, "column": 6 },
        "end": { "line": 107, "column": null }
      },
      "10": {
        "start": { "line": 83, "column": 6 },
        "end": { "line": 83, "column": null }
      },
      "11": {
        "start": { "line": 84, "column": 6 },
        "end": { "line": 84, "column": null }
      },
      "12": {
        "start": { "line": 85, "column": 6 },
        "end": { "line": 85, "column": null }
      },
      "13": {
        "start": { "line": 89, "column": 4 },
        "end": { "line": 105, "column": null }
      },
      "14": {
        "start": { "line": 91, "column": 8 },
        "end": { "line": 91, "column": null }
      },
      "15": {
        "start": { "line": 92, "column": 8 },
        "end": { "line": 92, "column": null }
      },
      "16": {
        "start": { "line": 93, "column": 8 },
        "end": { "line": 93, "column": null }
      },
      "17": {
        "start": { "line": 96, "column": 8 },
        "end": { "line": 96, "column": null }
      },
      "18": {
        "start": { "line": 97, "column": 8 },
        "end": { "line": 97, "column": null }
      },
      "19": {
        "start": { "line": 98, "column": 8 },
        "end": { "line": 98, "column": null }
      },
      "20": {
        "start": { "line": 99, "column": 8 },
        "end": { "line": 99, "column": null }
      },
      "21": {
        "start": { "line": 102, "column": 8 },
        "end": { "line": 102, "column": null }
      },
      "22": {
        "start": { "line": 103, "column": 8 },
        "end": { "line": 103, "column": null }
      },
      "23": {
        "start": { "line": 104, "column": 8 },
        "end": { "line": 104, "column": null }
      },
      "24": {
        "start": { "line": 109, "column": 38 },
        "end": { "line": 109, "column": null }
      }
    },
    "fnMap": {
      "0": {
        "name": "(anonymous_0)",
        "decl": {
          "start": { "line": 44, "column": 2 },
          "end": { "line": 44, "column": 9 }
        },
        "loc": {
          "start": { "line": 44, "column": 61 },
          "end": { "line": 68, "column": null }
        },
        "line": 44
      },
      "1": {
        "name": "(anonymous_1)",
        "decl": {
          "start": { "line": 82, "column": 4 },
          "end": { "line": 82, "column": 25 }
        },
        "loc": {
          "start": { "line": 82, "column": 35 },
          "end": { "line": 86, "column": null }
        },
        "line": 82
      },
      "2": {
        "name": "(anonymous_2)",
        "decl": {
          "start": { "line": 88, "column": 2 },
          "end": { "line": 88, "column": 18 }
        },
        "loc": {
          "start": { "line": 88, "column": 30 },
          "end": { "line": 106, "column": null }
        },
        "line": 88
      },
      "3": {
        "name": "(anonymous_3)",
        "decl": {
          "start": { "line": 90, "column": 28 },
          "end": { "line": 90, "column": 38 }
        },
        "loc": {
          "start": { "line": 90, "column": 48 },
          "end": { "line": 94, "column": 7 }
        },
        "line": 90
      },
      "4": {
        "name": "(anonymous_4)",
        "decl": {
          "start": { "line": 95, "column": 28 },
          "end": { "line": 95, "column": 40 }
        },
        "loc": {
          "start": { "line": 95, "column": 58 },
          "end": { "line": 100, "column": 7 }
        },
        "line": 95
      },
      "5": {
        "name": "(anonymous_5)",
        "decl": {
          "start": { "line": 101, "column": 28 },
          "end": { "line": 101, "column": 39 }
        },
        "loc": {
          "start": { "line": 101, "column": 57 },
          "end": { "line": 105, "column": 7 }
        },
        "line": 101
      }
    },
    "branchMap": {
      "0": {
        "loc": {
          "start": { "line": 53, "column": 14 },
          "end": { "line": 53, "column": null }
        },
        "type": "binary-expr",
        "locations": [
          {
            "start": { "line": 53, "column": 14 },
            "end": { "line": 53, "column": 31 }
          },
          {
            "start": { "line": 53, "column": 31 },
            "end": { "line": 53, "column": null }
          }
        ],
        "line": 53
      },
      "1": {
        "loc": {
          "start": { "line": 57, "column": 6 },
          "end": { "line": 59, "column": null }
        },
        "type": "if",
        "locations": [
          {
            "start": { "line": 57, "column": 6 },
            "end": { "line": 59, "column": null }
          },
          { "start": {}, "end": {} }
        ],
        "line": 57
      },
      "2": {
        "loc": {
          "start": { "line": 65, "column": 8 },
          "end": { "line": 65, "column": null }
        },
        "type": "binary-expr",
        "locations": [
          {
            "start": { "line": 65, "column": 8 },
            "end": { "line": 65, "column": 41 }
          },
          {
            "start": { "line": 65, "column": 41 },
            "end": { "line": 65, "column": null }
          }
        ],
        "line": 65
      },
      "3": {
        "loc": {
          "start": { "line": 97, "column": 21 },
          "end": { "line": 97, "column": null }
        },
        "type": "binary-expr",
        "locations": [
          {
            "start": { "line": 97, "column": 21 },
            "end": { "line": 97, "column": 44 }
          },
          {
            "start": { "line": 97, "column": 44 },
            "end": { "line": 97, "column": null }
          }
        ],
        "line": 97
      },
      "4": {
        "loc": {
          "start": { "line": 103, "column": 22 },
          "end": { "line": 103, "column": null }
        },
        "type": "binary-expr",
        "locations": [
          {
            "start": { "line": 103, "column": 22 },
            "end": { "line": 103, "column": 50 }
          },
          {
            "start": { "line": 103, "column": 50 },
            "end": { "line": 103, "column": null }
          }
        ],
        "line": 103
      }
    },
    "s": {
      "0": 1,
      "1": 0,
      "2": 0,
      "3": 0,
      "4": 0,
      "5": 0,
      "6": 0,
      "7": 0,
      "8": 1,
      "9": 1,
      "10": 3,
      "11": 3,
      "12": 3,
      "13": 1,
      "14": 0,
      "15": 0,
      "16": 0,
      "17": 0,
      "18": 0,
      "19": 0,
      "20": 0,
      "21": 0,
      "22": 0,
      "23": 0,
      "24": 1
    },
    "f": { "0": 0, "1": 3, "2": 1, "3": 0, "4": 0, "5": 0 },
    "b": { "0": [0, 0], "1": [0, 0], "2": [0, 0], "3": [0, 0], "4": [0, 0] },
    "meta": {
      "lastBranch": 5,
      "lastFunction": 6,
      "lastStatement": 25,
      "seen": {
        "s:38:13:69:Infinity": 0,
        "f:44:2:44:9": 0,
        "s:45:4:67:Infinity": 1,
        "s:46:23:54:Infinity": 2,
        "b:53:14:53:31:53:31:53:Infinity": 0,
        "b:57:6:59:Infinity:undefined:undefined:undefined:undefined": 1,
        "s:57:6:59:Infinity": 3,
        "s:58:8:58:Infinity": 4,
        "s:61:6:61:Infinity": 5,
        "s:63:6:63:Infinity": 6,
        "s:64:6:66:Infinity": 7,
        "b:65:8:65:41:65:41:65:Infinity": 2,
        "s:71:36:76:Infinity": 8,
        "s:78:6:107:Infinity": 9,
        "f:82:4:82:25": 1,
        "s:83:6:83:Infinity": 10,
        "s:84:6:84:Infinity": 11,
        "s:85:6:85:Infinity": 12,
        "f:88:2:88:18": 2,
        "s:89:4:105:Infinity": 13,
        "f:90:28:90:38": 3,
        "s:91:8:91:Infinity": 14,
        "s:92:8:92:Infinity": 15,
        "s:93:8:93:Infinity": 16,
        "f:95:28:95:40": 4,
        "s:96:8:96:Infinity": 17,
        "s:97:8:97:Infinity": 18,
        "b:97:21:97:44:97:44:97:Infinity": 3,
        "s:98:8:98:Infinity": 19,
        "s:99:8:99:Infinity": 20,
        "f:101:28:101:39": 5,
        "s:102:8:102:Infinity": 21,
        "s:103:8:103:Infinity": 22,
        "b:103:22:103:50:103:50:103:Infinity": 4,
        "s:104:8:104:Infinity": 23,
        "s:109:38:109:Infinity": 24
      }
    }
  }
}
